0 info it worked if it ends with ok
1 verbose cli [ 'C:\\Program Files\\nodejs\\node.exe',
1 verbose cli   'C:\\Program Files\\nodejs\\node_modules\\npm\\bin\\npm-cli.js',
1 verbose cli   'run',
1 verbose cli   'reset-db' ]
2 info using npm@3.10.9
3 info using node@v6.9.2
4 verbose run-script [ 'prereset-db', 'reset-db', 'postreset-db' ]
5 info lifecycle shri-2018@1.0.0~prereset-db: shri-2018@1.0.0
6 silly lifecycle shri-2018@1.0.0~prereset-db: no script for prereset-db, continuing
7 info lifecycle shri-2018@1.0.0~reset-db: shri-2018@1.0.0
8 verbose lifecycle shri-2018@1.0.0~reset-db: unsafe-perm in lifecycle true
9 verbose lifecycle shri-2018@1.0.0~reset-db: PATH: C:\Program Files\nodejs\node_modules\npm\bin\node-gyp-bin;C:\OpenServer\domains\yandex.gc\node_modules\.bin;C:\ProgramData\Oracle\Java\javapath;C:\Program Files (x86)\AMD APP\bin\x86_64;C:\Program Files (x86)\AMD APP\bin\x86;C:\Windows\system32;C:\Windows;C:\Windows\System32\Wbem;C:\Windows\System32\WindowsPowerShell\v1.0\;C:\Program Files (x86)\ATI Technologies\ATI.ACE\Core-Static;C:\WT\php7\;C:\Program Files (x86)\MySQL\MySQL Fabric 1.5 & MySQL Utilities 1.5\;C:\Program Files (x86)\MySQL\MySQL Fabric 1.5 & MySQL Utilities 1.5\Doctrine extensions for PHP\;C:\WT\bin\;C:\ProgramData\ComposerSetup\bin;C:\Program Files\MongoDB\Server\3.2\bin;C:\Program Files (x86)\Skype\Phone\;C:\Program Files\nodejs\;C:\Program Files\Git\cmd;C:\OpenServer\modules\php\PHP-5.5;C:\Users\Иван\AppData\Roaming\npm;C:\Program Files\Microsoft VS Code\bin
10 verbose lifecycle shri-2018@1.0.0~reset-db: CWD: C:\OpenServer\domains\yandex.gc
11 silly lifecycle shri-2018@1.0.0~reset-db: Args: [ '/d /s /c', 'rm -f ./db.sqlite3 && node create-mock-data.js' ]
12 silly lifecycle shri-2018@1.0.0~reset-db: Returned: code: 1  signal: null
13 info lifecycle shri-2018@1.0.0~reset-db: Failed to exec reset-db script
14 verbose stack Error: shri-2018@1.0.0 reset-db: `rm -f ./db.sqlite3 && node create-mock-data.js`
14 verbose stack Exit status 1
14 verbose stack     at EventEmitter.<anonymous> (C:\Program Files\nodejs\node_modules\npm\lib\utils\lifecycle.js:255:16)
14 verbose stack     at emitTwo (events.js:106:13)
14 verbose stack     at EventEmitter.emit (events.js:191:7)
14 verbose stack     at ChildProcess.<anonymous> (C:\Program Files\nodejs\node_modules\npm\lib\utils\spawn.js:40:14)
14 verbose stack     at emitTwo (events.js:106:13)
14 verbose stack     at ChildProcess.emit (events.js:191:7)
14 verbose stack     at maybeClose (internal/child_process.js:877:16)
14 verbose stack     at Process.ChildProcess._handle.onexit (internal/child_process.js:226:5)
15 verbose pkgid shri-2018@1.0.0
16 verbose cwd C:\OpenServer\domains\yandex.gc
17 error Windows_NT 6.1.7601
18 error argv "C:\\Program Files\\nodejs\\node.exe" "C:\\Program Files\\nodejs\\node_modules\\npm\\bin\\npm-cli.js" "run" "reset-db"
19 error node v6.9.2
20 error npm  v3.10.9
21 error code ELIFECYCLE
22 error shri-2018@1.0.0 reset-db: `rm -f ./db.sqlite3 && node create-mock-data.js`
22 error Exit status 1
23 error Failed at the shri-2018@1.0.0 reset-db script 'rm -f ./db.sqlite3 && node create-mock-data.js'.
23 error Make sure you have the latest version of node.js and npm installed.
23 error If you do, this is most likely a problem with the shri-2018 package,
23 error not with npm itself.
23 error Tell the author that this fails on your system:
23 error     rm -f ./db.sqlite3 && node create-mock-data.js
23 error You can get information on how to open an issue for this project with:
23 error     npm bugs shri-2018
23 error Or if that isn't available, you can get their info via:
23 error     npm owner ls shri-2018
23 error There is likely additional logging output above.
24 verbose exit [ 1, true ]
